<?xml version="1.0" encoding="UTF-8"?>
<testsuite xmlns:xsi="http://www.w3.org/2001/XMLSchema-instance" xsi:noNamespaceSchemaLocation="https://maven.apache.org/surefire/maven-surefire-plugin/xsd/surefire-test-report-3.0.xsd" version="3.0" name="com.grammar.nlu.ImprovedFSMNLUEngineTest" time="0.493" tests="10" errors="0" skipped="0" failures="0">
  <properties>
[...]
</properties>
  <testcase name="testEngineStatistics" classname="com.grammar.nlu.ImprovedFSMNLUEngineTest" time="0.252">
    <system-out><![CDATA[Loaded FSM: weather_query -> WeatherQuery
Loaded FSM: navigate_to -> Navigate

=== Improved FSM NLU Engine Statistics ===
Total FSMs loaded: 2
  weather_query -> WeatherQuery (3 states)
  navigate_to -> Navigate (3 states)

]]></system-out>
  </testcase>
  <testcase name="testJSONOutputFormat" classname="com.grammar.nlu.ImprovedFSMNLUEngineTest" time="0.01">
    <system-out><![CDATA[Loaded FSM: weather_query -> WeatherQuery
]]></system-out>
  </testcase>
  <testcase name="testLoadWeatherCLDFile" classname="com.grammar.nlu.ImprovedFSMNLUEngineTest" time="0.01">
    <system-out><![CDATA[Loaded FSM: weather_query -> WeatherQuery
]]></system-out>
  </testcase>
  <testcase name="testLoadFromResourcesDirectory" classname="com.grammar.nlu.ImprovedFSMNLUEngineTest" time="0.081">
    <system-out><![CDATA[Loaded FSM: navigate -> Navigate
Loaded FSM: navigate_to -> Navigate
Loaded FSM: weather_query -> WeatherQuery
Loaded FSM: query_weather -> weatherSearch
Loaded 4 FSMs from src/main/resources
]]></system-out>
  </testcase>
  <testcase name="testParseWithLoadedGrammars" classname="com.grammar.nlu.ImprovedFSMNLUEngineTest" time="0.015">
    <system-out><![CDATA[Loaded FSM: weather_query -> WeatherQuery
Loaded FSM: navigate_to -> Navigate
]]></system-out>
  </testcase>
  <testcase name="testCLDFileContent" classname="com.grammar.nlu.ImprovedFSMNLUEngineTest" time="0.006"/>
  <testcase name="testLoadMultipleCLDFiles" classname="com.grammar.nlu.ImprovedFSMNLUEngineTest" time="0.012">
    <system-out><![CDATA[Loaded FSM: weather_query -> WeatherQuery
Loaded FSM: navigate_to -> Navigate
]]></system-out>
  </testcase>
  <testcase name="testDirectoryNotFound" classname="com.grammar.nlu.ImprovedFSMNLUEngineTest" time="0.007"/>
  <testcase name="testFileNotFound" classname="com.grammar.nlu.ImprovedFSMNLUEngineTest" time="0.004">
    <system-err><![CDATA[Failed to load grammar file: non-existent-file.cld
Error: non-existent-file.cld
]]></system-err>
  </testcase>
  <testcase name="testLoadNavigationCLDFile" classname="com.grammar.nlu.ImprovedFSMNLUEngineTest" time="0.01">
    <system-out><![CDATA[Loaded FSM: navigate_to -> Navigate
]]></system-out>
  </testcase>
</testsuite>